<?xml version="1.0" encoding="UTF-8"?>
<!-- Generated by org.testng.reporters.JUnitXMLReporter -->
<testsuite ignored="2" hostname="MONSTER-IDEAPAD5" failures="0" tests="3" name="Test" time="3.999" errors="0" timestamp="2024-07-16T15:19:39 IST">
  <testcase classname="com.ninza.hrm.api.projectTest.ProjectTestwithBaseclass" name="addSingleProjectWithCreated" time="3.308"/>
  <testcase classname="com.ninza.hrm.api.projectTest.ProjectTestwithBaseclass" name="addDuplicateProject" time="0.075"/>
  <testcase classname="com.ninza.hrm.api.EmployeeTest.EmployeeTest" name="addEmploye" time="0.565"/>
  <testcase classname="com.ninza.hrm.BaseClass.BaseClassApi" name="@BeforeSuite configBS" time="0.0">
    <ignored/>
  </testcase> <!-- @BeforeSuite configBS -->
  <testcase classname="com.ninza.hrm.BaseClass.BaseClassApi" name="@AfterSuite configAS" time="0.0">
    <ignored/>
  </testcase> <!-- @AfterSuite configAS -->
</testsuite> <!-- Test -->
