<?xml version="1.0" encoding="UTF-8"?>
<testng-results ignored="0" total="3" passed="3" failed="0" skipped="0">
  <reporter-output>
  </reporter-output>
  <suite started-at="2024-07-16T15:19:35 IST" name="Suite" finished-at="2024-07-16T15:19:39 IST" duration-ms="3999">
    <groups>
    </groups>
    <test started-at="2024-07-16T15:19:35 IST" name="Test" finished-at="2024-07-16T15:19:39 IST" duration-ms="3999">
      <class name="com.ninza.hrm.api.EmployeeTest.EmployeeTest">
        <test-method signature="addEmploye()[pri:0, instance:com.ninza.hrm.api.EmployeeTest.EmployeeTest@4bdeaabb]" started-at="2024-07-16T15:19:38 IST" name="addEmploye" finished-at="2024-07-16T15:19:39 IST" duration-ms="565" status="PASS">
          <reporter-output>
          </reporter-output>
        </test-method> <!-- addEmploye -->
      </class> <!-- com.ninza.hrm.api.EmployeeTest.EmployeeTest -->
      <class name="com.ninza.hrm.api.projectTest.ProjectTestwithBaseclass">
        <test-method is-config="true" signature="configBS()[pri:0, instance:com.ninza.hrm.api.projectTest.ProjectTestwithBaseclass@312aa7c]" started-at="2024-07-16T15:19:34 IST" name="configBS" finished-at="2024-07-16T15:19:35 IST" duration-ms="1324" status="PASS">
          <reporter-output>
          </reporter-output>
        </test-method> <!-- configBS -->
        <test-method signature="addSingleProjectWithCreated()[pri:0, instance:com.ninza.hrm.api.projectTest.ProjectTestwithBaseclass@312aa7c]" started-at="2024-07-16T15:19:35 IST" name="addSingleProjectWithCreated" finished-at="2024-07-16T15:19:38 IST" duration-ms="3308" status="PASS">
          <reporter-output>
          </reporter-output>
        </test-method> <!-- addSingleProjectWithCreated -->
        <test-method signature="addDuplicateProject()[pri:0, instance:com.ninza.hrm.api.projectTest.ProjectTestwithBaseclass@312aa7c]" started-at="2024-07-16T15:19:38 IST" name="addDuplicateProject" finished-at="2024-07-16T15:19:38 IST" depends-on-methods="com.ninza.hrm.api.projectTest.ProjectTestwithBaseclass.addSingleProjectWithCreated" duration-ms="75" status="PASS">
          <reporter-output>
          </reporter-output>
        </test-method> <!-- addDuplicateProject -->
        <test-method is-config="true" signature="configAS()[pri:0, instance:com.ninza.hrm.api.projectTest.ProjectTestwithBaseclass@312aa7c]" started-at="2024-07-16T15:19:39 IST" name="configAS" finished-at="2024-07-16T15:19:39 IST" duration-ms="1" status="PASS">
          <reporter-output>
          </reporter-output>
        </test-method> <!-- configAS -->
      </class> <!-- com.ninza.hrm.api.projectTest.ProjectTestwithBaseclass -->
    </test> <!-- Test -->
  </suite> <!-- Suite -->
</testng-results>
